mode: set
github.com/msyahruls/kreditplus-go-test/internal/repository/limit_repository.go:21.54,23.2 1 0
github.com/msyahruls/kreditplus-go-test/internal/repository/limit_repository.go:25.69,29.49 3 0
github.com/msyahruls/kreditplus-go-test/internal/repository/limit_repository.go:29.49,31.3 1 0
github.com/msyahruls/kreditplus-go-test/internal/repository/limit_repository.go:33.2,33.22 1 0
github.com/msyahruls/kreditplus-go-test/internal/repository/limit_repository.go:33.22,37.3 2 0
github.com/msyahruls/kreditplus-go-test/internal/repository/limit_repository.go:40.2,40.33 1 0
github.com/msyahruls/kreditplus-go-test/internal/repository/limit_repository.go:43.82,47.2 3 0
github.com/msyahruls/kreditplus-go-test/internal/repository/limit_repository.go:49.105,54.16 3 0
github.com/msyahruls/kreditplus-go-test/internal/repository/limit_repository.go:54.16,56.3 1 0
github.com/msyahruls/kreditplus-go-test/internal/repository/limit_repository.go:57.2,57.20 1 0
github.com/msyahruls/kreditplus-go-test/internal/repository/limit_repository.go:60.79,62.2 1 0
github.com/msyahruls/kreditplus-go-test/internal/repository/transaction_repository.go:19.66,21.2 1 0
github.com/msyahruls/kreditplus-go-test/internal/repository/transaction_repository.go:23.50,25.2 1 0
github.com/msyahruls/kreditplus-go-test/internal/repository/transaction_repository.go:27.70,29.2 1 0
github.com/msyahruls/kreditplus-go-test/internal/repository/transaction_repository.go:31.73,35.2 3 0
github.com/msyahruls/kreditplus-go-test/internal/repository/user_repository.go:18.52,20.2 1 0
github.com/msyahruls/kreditplus-go-test/internal/repository/user_repository.go:22.58,24.2 1 0
github.com/msyahruls/kreditplus-go-test/internal/repository/user_repository.go:26.59,30.2 3 0
github.com/msyahruls/kreditplus-go-test/cmd/server/main.go:11.13,18.44 5 0
github.com/msyahruls/kreditplus-go-test/cmd/server/main.go:18.44,20.3 1 0
github.com/msyahruls/kreditplus-go-test/internal/handler/auth_handler.go:19.35,21.47 2 0
github.com/msyahruls/kreditplus-go-test/internal/handler/auth_handler.go:21.47,24.3 2 0
github.com/msyahruls/kreditplus-go-test/internal/handler/auth_handler.go:27.2,27.59 1 0
github.com/msyahruls/kreditplus-go-test/internal/handler/auth_handler.go:27.59,30.3 2 0
github.com/msyahruls/kreditplus-go-test/internal/handler/auth_handler.go:33.2,39.16 3 0
github.com/msyahruls/kreditplus-go-test/internal/handler/auth_handler.go:39.16,42.3 2 0
github.com/msyahruls/kreditplus-go-test/internal/handler/auth_handler.go:44.2,44.75 1 0
github.com/msyahruls/kreditplus-go-test/internal/handler/helpers.go:7.42,11.2 3 0
github.com/msyahruls/kreditplus-go-test/internal/handler/init_routes.go:10.50,16.2 5 0
github.com/msyahruls/kreditplus-go-test/internal/handler/init_routes.go:16.2,31.3 9 0
github.com/msyahruls/kreditplus-go-test/internal/handler/limit_handler.go:20.49,24.2 1 0
github.com/msyahruls/kreditplus-go-test/internal/handler/limit_handler.go:26.60,28.47 2 0
github.com/msyahruls/kreditplus-go-test/internal/handler/limit_handler.go:28.47,31.3 2 0
github.com/msyahruls/kreditplus-go-test/internal/handler/limit_handler.go:33.2,40.16 3 0
github.com/msyahruls/kreditplus-go-test/internal/handler/limit_handler.go:40.16,43.3 2 0
github.com/msyahruls/kreditplus-go-test/internal/handler/limit_handler.go:45.2,45.54 1 0
github.com/msyahruls/kreditplus-go-test/internal/handler/limit_handler.go:48.50,51.16 3 0
github.com/msyahruls/kreditplus-go-test/internal/handler/limit_handler.go:51.16,54.3 2 0
github.com/msyahruls/kreditplus-go-test/internal/handler/limit_handler.go:56.2,57.16 2 0
github.com/msyahruls/kreditplus-go-test/internal/handler/limit_handler.go:57.16,60.3 2 0
github.com/msyahruls/kreditplus-go-test/internal/handler/limit_handler.go:62.2,62.60 1 0
github.com/msyahruls/kreditplus-go-test/internal/handler/transaction_handler.go:21.61,32.2 4 0
github.com/msyahruls/kreditplus-go-test/internal/handler/transaction_handler.go:34.64,36.47 2 0
github.com/msyahruls/kreditplus-go-test/internal/handler/transaction_handler.go:36.47,39.3 2 0
github.com/msyahruls/kreditplus-go-test/internal/handler/transaction_handler.go:42.2,44.30 3 0
github.com/msyahruls/kreditplus-go-test/internal/handler/transaction_handler.go:44.30,47.3 2 0
github.com/msyahruls/kreditplus-go-test/internal/handler/transaction_handler.go:49.2,60.16 3 0
github.com/msyahruls/kreditplus-go-test/internal/handler/transaction_handler.go:60.16,63.3 2 0
github.com/msyahruls/kreditplus-go-test/internal/handler/transaction_handler.go:64.2,64.61 1 0
github.com/msyahruls/kreditplus-go-test/internal/handler/transaction_handler.go:67.62,69.16 2 0
github.com/msyahruls/kreditplus-go-test/internal/handler/transaction_handler.go:69.16,72.3 2 0
github.com/msyahruls/kreditplus-go-test/internal/handler/transaction_handler.go:73.2,73.72 1 0
github.com/msyahruls/kreditplus-go-test/internal/handler/user_handler.go:19.47,23.2 1 0
github.com/msyahruls/kreditplus-go-test/internal/handler/user_handler.go:25.50,27.47 2 0
github.com/msyahruls/kreditplus-go-test/internal/handler/user_handler.go:27.47,30.3 2 0
github.com/msyahruls/kreditplus-go-test/internal/handler/user_handler.go:32.2,44.16 3 0
github.com/msyahruls/kreditplus-go-test/internal/handler/user_handler.go:44.16,47.3 2 0
github.com/msyahruls/kreditplus-go-test/internal/handler/user_handler.go:48.2,48.54 1 0
github.com/msyahruls/kreditplus-go-test/internal/handler/user_handler.go:51.48,53.16 2 0
github.com/msyahruls/kreditplus-go-test/internal/handler/user_handler.go:53.16,56.3 2 0
github.com/msyahruls/kreditplus-go-test/internal/handler/user_handler.go:57.2,57.58 1 0
github.com/msyahruls/kreditplus-go-test/internal/helper/response.go:17.64,24.2 1 0
github.com/msyahruls/kreditplus-go-test/internal/helper/response.go:27.77,34.2 1 0
github.com/msyahruls/kreditplus-go-test/internal/middleware/auth_middleware.go:13.42,14.30 1 0
github.com/msyahruls/kreditplus-go-test/internal/middleware/auth_middleware.go:14.30,16.23 2 0
github.com/msyahruls/kreditplus-go-test/internal/middleware/auth_middleware.go:16.23,19.4 2 0
github.com/msyahruls/kreditplus-go-test/internal/middleware/auth_middleware.go:21.3,22.84 2 0
github.com/msyahruls/kreditplus-go-test/internal/middleware/auth_middleware.go:22.84,24.4 1 0
github.com/msyahruls/kreditplus-go-test/internal/middleware/auth_middleware.go:26.3,26.33 1 0
github.com/msyahruls/kreditplus-go-test/internal/middleware/auth_middleware.go:26.33,29.4 2 0
github.com/msyahruls/kreditplus-go-test/internal/middleware/auth_middleware.go:31.3,31.11 1 0
github.com/msyahruls/kreditplus-go-test/internal/middleware/error_handler.go:15.49,16.30 1 0
github.com/msyahruls/kreditplus-go-test/internal/middleware/error_handler.go:16.30,21.20 3 0
github.com/msyahruls/kreditplus-go-test/internal/middleware/error_handler.go:21.20,28.62 2 0
github.com/msyahruls/kreditplus-go-test/internal/middleware/error_handler.go:28.62,30.27 2 0
github.com/msyahruls/kreditplus-go-test/internal/middleware/error_handler.go:30.27,32.6 1 0
github.com/msyahruls/kreditplus-go-test/internal/middleware/error_handler.go:33.5,33.27 1 0
github.com/msyahruls/kreditplus-go-test/internal/middleware/error_handler.go:36.4,38.10 3 0
github.com/msyahruls/kreditplus-go-test/internal/middleware/error_handler.go:44.61,45.18 1 0
github.com/msyahruls/kreditplus-go-test/internal/middleware/error_handler.go:46.18,47.34 1 0
github.com/msyahruls/kreditplus-go-test/internal/middleware/error_handler.go:48.12,49.46 1 0
github.com/msyahruls/kreditplus-go-test/internal/middleware/error_handler.go:50.15,51.41 1 0
github.com/msyahruls/kreditplus-go-test/internal/middleware/error_handler.go:52.18,53.47 1 0
github.com/msyahruls/kreditplus-go-test/internal/middleware/error_handler.go:54.10,55.20 1 0
github.com/msyahruls/kreditplus-go-test/internal/repository/mocks/limit_repository.go:14.69,17.2 2 0
github.com/msyahruls/kreditplus-go-test/internal/repository/mocks/limit_repository.go:19.82,22.2 2 0
github.com/msyahruls/kreditplus-go-test/internal/repository/mocks/limit_repository.go:24.105,27.2 2 0
github.com/msyahruls/kreditplus-go-test/internal/repository/mocks/limit_repository.go:29.79,32.2 2 0
github.com/msyahruls/kreditplus-go-test/internal/repository/mocks/transaction_repository.go:14.50,16.2 1 0
github.com/msyahruls/kreditplus-go-test/internal/repository/mocks/transaction_repository.go:18.70,21.2 2 0
github.com/msyahruls/kreditplus-go-test/internal/repository/mocks/transaction_repository.go:23.73,26.2 2 0
github.com/msyahruls/kreditplus-go-test/internal/repository/mocks/user_repository.go:13.58,16.2 2 0
github.com/msyahruls/kreditplus-go-test/internal/repository/mocks/user_repository.go:18.59,21.2 2 0
github.com/msyahruls/kreditplus-go-test/internal/config/config.go:12.16,14.16 2 0
github.com/msyahruls/kreditplus-go-test/internal/config/config.go:14.16,16.3 1 0
github.com/msyahruls/kreditplus-go-test/internal/config/config.go:18.2,18.38 1 0
github.com/msyahruls/kreditplus-go-test/internal/config/db.go:14.27,16.16 2 0
github.com/msyahruls/kreditplus-go-test/internal/config/db.go:16.16,18.3 1 0
github.com/msyahruls/kreditplus-go-test/internal/config/db.go:20.2,22.16 3 0
github.com/msyahruls/kreditplus-go-test/internal/config/db.go:22.16,24.3 1 0
github.com/msyahruls/kreditplus-go-test/internal/config/db.go:27.2,28.16 2 0
github.com/msyahruls/kreditplus-go-test/internal/config/db.go:28.16,30.3 1 0
github.com/msyahruls/kreditplus-go-test/internal/config/db.go:32.2,32.11 1 0
github.com/msyahruls/kreditplus-go-test/internal/config/router.go:5.32,8.2 2 0
github.com/msyahruls/kreditplus-go-test/internal/repository/limit_repository.go:21.54,23.2 1 0
github.com/msyahruls/kreditplus-go-test/internal/repository/limit_repository.go:25.69,29.49 3 0
github.com/msyahruls/kreditplus-go-test/internal/repository/limit_repository.go:29.49,31.3 1 0
github.com/msyahruls/kreditplus-go-test/internal/repository/limit_repository.go:33.2,33.22 1 0
github.com/msyahruls/kreditplus-go-test/internal/repository/limit_repository.go:33.22,37.3 2 0
github.com/msyahruls/kreditplus-go-test/internal/repository/limit_repository.go:40.2,40.33 1 0
github.com/msyahruls/kreditplus-go-test/internal/repository/limit_repository.go:43.82,47.2 3 0
github.com/msyahruls/kreditplus-go-test/internal/repository/limit_repository.go:49.105,54.16 3 0
github.com/msyahruls/kreditplus-go-test/internal/repository/limit_repository.go:54.16,56.3 1 0
github.com/msyahruls/kreditplus-go-test/internal/repository/limit_repository.go:57.2,57.20 1 0
github.com/msyahruls/kreditplus-go-test/internal/repository/limit_repository.go:60.79,62.2 1 0
github.com/msyahruls/kreditplus-go-test/internal/repository/transaction_repository.go:19.66,21.2 1 0
github.com/msyahruls/kreditplus-go-test/internal/repository/transaction_repository.go:23.50,25.2 1 0
github.com/msyahruls/kreditplus-go-test/internal/repository/transaction_repository.go:27.70,29.2 1 0
github.com/msyahruls/kreditplus-go-test/internal/repository/transaction_repository.go:31.73,35.2 3 0
github.com/msyahruls/kreditplus-go-test/internal/repository/user_repository.go:18.52,20.2 1 0
github.com/msyahruls/kreditplus-go-test/internal/repository/user_repository.go:22.58,24.2 1 0
github.com/msyahruls/kreditplus-go-test/internal/repository/user_repository.go:26.59,30.2 3 0
github.com/msyahruls/kreditplus-go-test/internal/repository/mocks/limit_repository.go:14.69,17.2 2 1
github.com/msyahruls/kreditplus-go-test/internal/repository/mocks/limit_repository.go:19.82,22.2 2 1
github.com/msyahruls/kreditplus-go-test/internal/repository/mocks/limit_repository.go:24.105,27.2 2 1
github.com/msyahruls/kreditplus-go-test/internal/repository/mocks/limit_repository.go:29.79,32.2 2 1
github.com/msyahruls/kreditplus-go-test/internal/repository/mocks/transaction_repository.go:14.50,16.2 1 0
github.com/msyahruls/kreditplus-go-test/internal/repository/mocks/transaction_repository.go:18.70,21.2 2 1
github.com/msyahruls/kreditplus-go-test/internal/repository/mocks/transaction_repository.go:23.73,26.2 2 0
github.com/msyahruls/kreditplus-go-test/internal/repository/mocks/user_repository.go:13.58,16.2 2 1
github.com/msyahruls/kreditplus-go-test/internal/repository/mocks/user_repository.go:18.59,21.2 2 1
github.com/msyahruls/kreditplus-go-test/internal/service/limit_service.go:19.48,23.2 1 0
github.com/msyahruls/kreditplus-go-test/internal/service/limit_service.go:25.71,27.2 1 1
github.com/msyahruls/kreditplus-go-test/internal/service/limit_service.go:29.71,31.2 1 1
github.com/msyahruls/kreditplus-go-test/internal/service/transaction_service.go:22.139,28.2 1 0
github.com/msyahruls/kreditplus-go-test/internal/service/transaction_service.go:30.93,31.50 1 1
github.com/msyahruls/kreditplus-go-test/internal/service/transaction_service.go:31.50,34.17 2 1
github.com/msyahruls/kreditplus-go-test/internal/service/transaction_service.go:34.17,36.4 1 1
github.com/msyahruls/kreditplus-go-test/internal/service/transaction_service.go:39.3,39.51 1 1
github.com/msyahruls/kreditplus-go-test/internal/service/transaction_service.go:39.51,41.4 1 1
github.com/msyahruls/kreditplus-go-test/internal/service/transaction_service.go:44.3,46.17 3 1
github.com/msyahruls/kreditplus-go-test/internal/service/transaction_service.go:46.17,48.4 1 1
github.com/msyahruls/kreditplus-go-test/internal/service/transaction_service.go:51.3,51.33 1 1
github.com/msyahruls/kreditplus-go-test/internal/service/transaction_service.go:55.78,57.2 1 0
github.com/msyahruls/kreditplus-go-test/internal/service/user_service.go:19.46,23.2 1 0
github.com/msyahruls/kreditplus-go-test/internal/service/user_service.go:25.59,27.2 1 1
github.com/msyahruls/kreditplus-go-test/internal/service/user_service.go:29.57,31.2 1 1
